Resources files: /etc/xdg/waybar/config, /home/spitfjre/.config/waybar/style.css
spotify just stopped, is it endless?
Disabling module "pulseaudio", pa_context_connect() failed: Connection refused
Disabling module "battery#bat2", No battery named BAT2
Tray is in beta, so there may be bugs or even be unusable.
Bar configured (width: 1600, height: 30) for output: LVDS-1
Resources files: /etc/xdg/waybar/config, /home/spitfjre/.config/waybar/style.css
Disabling module "pulseaudio", pa_context_connect() failed: Connection refused
Disabling module "battery#bat2", No battery named BAT2
spotify just stopped, is it endless?
Tray is in beta, so there may be bugs or even be unusable.
Bar configured (width: 1600, height: 30) for output: LVDS-1
Resources files: /etc/xdg/waybar/config, /home/spitfjre/.config/waybar/style.css
Disabling module "pulseaudio", pa_context_connect() failed: Connection refused
Disabling module "battery#bat2", No battery named BAT2
spotify just stopped, is it endless?
Tray is in beta, so there may be bugs or even be unusable.
Bar configured (width: 1600, height: 30) for output: LVDS-1
Resources files: /etc/xdg/waybar/config, /home/spitfjre/.config/waybar/style.css
Disabling module "pulseaudio", pa_context_connect() failed: Connection refused
Disabling module "battery#bat2", No battery named BAT2
spotify just stopped, is it endless?
Tray is in beta, so there may be bugs or even be unusable.
Bar configured (width: 1600, height: 30) for output: LVDS-1
Resources files: /etc/xdg/waybar/config, /home/spitfjre/.config/waybar/style.css
Disabling module "pulseaudio", pa_context_connect() failed: Connection refused
Disabling module "battery#bat2", No battery named BAT2
Tray is in beta, so there may be bugs or even be unusable.
spotify just stopped, is it endless?
Bar configured (width: 1600, height: 30) for output: LVDS-1
Resources files: /etc/xdg/waybar/config, /home/spitfjre/.config/waybar/style.css
spotify just stopped, is it endless?
Disabling module "pulseaudio", pa_context_connect() failed: Connection refused
Disabling module "battery#bat2", No battery named BAT2
Tray is in beta, so there may be bugs or even be unusable.
Bar configured (width: 1600, height: 30) for output: LVDS-1
Resources files: /etc/xdg/waybar/config, /home/spitfjre/.config/waybar/style.css
spotify just stopped, is it endless?
Disabling module "pulseaudio", pa_context_connect() failed: Connection refused
Disabling module "battery#bat2", No battery named BAT2
Tray is in beta, so there may be bugs or even be unusable.
Bar configured (width: 1600, height: 30) for output: LVDS-1
